<?xml version="1.0" encoding="UTF-8"?>
<robot generator="Robot 3.2.2 (Python 3.9.1 on win32)" generated="20210423 10:20:28.086" rpa="false">
<suite id="s1" name="Amazon" source="C:\development\robot-scripts\first-script\Tests\Amazon.robot">
<test id="s1-t1" name="User must sign in to check out">
<kw name="Open Browser" library="SeleniumLibrary">
<doc>Opens a new browser instance to the optional ``url``.</doc>
<arguments>
<arg>https://www.amazon.com</arg>
<arg>firefox</arg>
</arguments>
<msg timestamp="20210423 10:20:28.421" level="INFO">Opening browser 'firefox' to base url 'https://www.amazon.com'.</msg>
<msg timestamp="20210423 10:20:28.431" level="INFO">Firefox driver log is always forced to to: C:\development\robot-scripts\first-script\Results\geckodriver-3.log</msg>
<status status="PASS" starttime="20210423 10:20:28.421" endtime="20210423 10:20:39.205"></status>
</kw>
<kw name="Sleep" library="BuiltIn">
<doc>Pauses the test executed for the given time.</doc>
<arguments>
<arg>3s</arg>
</arguments>
<msg timestamp="20210423 10:20:42.220" level="INFO">Slept 3 seconds</msg>
<status status="PASS" starttime="20210423 10:20:39.207" endtime="20210423 10:20:42.220"></status>
</kw>
<kw name="Close Browser" library="SeleniumLibrary">
<doc>Closes the current browser.</doc>
<status status="PASS" starttime="20210423 10:20:42.221" endtime="20210423 10:20:43.492"></status>
</kw>
<doc>This is first test</doc>
<tags>
<tag>Smoke</tag>
</tags>
<status status="PASS" starttime="20210423 10:20:28.420" endtime="20210423 10:20:43.493" critical="yes"></status>
</test>
<doc>This is first test</doc>
<status status="PASS" starttime="20210423 10:20:28.087" endtime="20210423 10:20:43.495"></status>
</suite>
<statistics>
<total>
<stat pass="1" fail="0">Critical Tests</stat>
<stat pass="1" fail="0">All Tests</stat>
</total>
<tag>
<stat pass="1" fail="0">Smoke</stat>
</tag>
<suite>
<stat pass="1" fail="0" id="s1" name="Amazon">Amazon</stat>
</suite>
</statistics>
<errors>
</errors>
</robot>
