<?xml version="1.0" encoding="UTF-8"?>
<robot generator="Robot 3.2.1 (Python 3.8.5 on darwin)" generated="20210426 00:02:52.034" rpa="false">
<suite id="s1" name="Amazon" source="/Users/manpreetsinghbains/Automation work/robotframework/robotProject/Tests/Amazon.robot">
<test id="s1-t1" name="Test-2: User should search and select product and directed to sign in">
<kw name="Begin Web Test" library="Common" type="setup">
<kw name="Open Browser" library="SeleniumLibrary">
<doc>Opens a new browser instance to the optional ``url``.</doc>
<arguments>
<arg>about:blank</arg>
<arg>${BROWSER}</arg>
</arguments>
<msg timestamp="20210426 00:02:52.210" level="INFO">Opening browser 'chrome' to base url 'about:blank'.</msg>
<status status="PASS" starttime="20210426 00:02:52.210" endtime="20210426 00:02:55.268"></status>
</kw>
<status status="PASS" starttime="20210426 00:02:52.210" endtime="20210426 00:02:55.268"></status>
</kw>
<kw name="Search for Products" library="AmazonWeb">
<kw name="Load Amazon website" library="LandingPage">
<kw name="Go To" library="SeleniumLibrary">
<doc>Navigates the current browser window to the provided ``url``.</doc>
<arguments>
<arg>${START_URL}</arg>
</arguments>
<msg timestamp="20210426 00:02:55.270" level="INFO">Opening url 'https://www.amazon.in'</msg>
<status status="PASS" starttime="20210426 00:02:55.270" endtime="20210426 00:02:56.677"></status>
</kw>
<status status="PASS" starttime="20210426 00:02:55.269" endtime="20210426 00:02:56.678"></status>
</kw>
<kw name="Verify Page Loaded" library="LandingPage">
<kw name="Wait Until Page Contains" library="SeleniumLibrary">
<doc>Waits until ``text`` appears on the current page.</doc>
<arguments>
<arg>Online Shopping site in India: Shop Online for Mobiles, Books, Watches, Shoes and More - Amazon.in</arg>
</arguments>
<status status="PASS" starttime="20210426 00:02:56.678" endtime="20210426 00:02:56.693"></status>
</kw>
<status status="PASS" starttime="20210426 00:02:56.678" endtime="20210426 00:02:56.693"></status>
</kw>
<kw name="Search for Product" library="TopNav">
<kw name="Enter Product name" library="TopNav">
<kw name="Input Text" library="SeleniumLibrary">
<doc>Types the given ``text`` into the text field identified by ``locator``.</doc>
<arguments>
<arg>css = #twotabsearchtextbox</arg>
<arg>${SEARCH_ITEM}</arg>
</arguments>
<msg timestamp="20210426 00:02:56.694" level="INFO">Typing text 'Logitech B170 Wireless Mouse' into text field 'css = #twotabsearchtextbox'.</msg>
<status status="PASS" starttime="20210426 00:02:56.694" endtime="20210426 00:02:56.890"></status>
</kw>
<status status="PASS" starttime="20210426 00:02:56.693" endtime="20210426 00:02:56.890"></status>
</kw>
<kw name="Submit Search" library="TopNav">
<kw name="Click Button" library="SeleniumLibrary">
<doc>Clicks the button identified by ``locator``.</doc>
<arguments>
<arg>css = #nav-search-submit-button</arg>
</arguments>
<msg timestamp="20210426 00:02:56.890" level="INFO">Clicking button 'css = #nav-search-submit-button'.</msg>
<status status="PASS" starttime="20210426 00:02:56.890" endtime="20210426 00:02:58.512"></status>
</kw>
<status status="PASS" starttime="20210426 00:02:56.890" endtime="20210426 00:02:58.512"></status>
</kw>
<status status="PASS" starttime="20210426 00:02:56.693" endtime="20210426 00:02:58.512"></status>
</kw>
<kw name="Verify Search Completed" library="SearchResult">
<kw name="Wait Until Page Contains" library="SeleniumLibrary">
<doc>Waits until ``text`` appears on the current page.</doc>
<arguments>
<arg>results for "${SEARCH_ITEM}"</arg>
</arguments>
<status status="PASS" starttime="20210426 00:02:58.513" endtime="20210426 00:02:58.528"></status>
</kw>
<status status="PASS" starttime="20210426 00:02:58.512" endtime="20210426 00:02:58.528"></status>
</kw>
<status status="PASS" starttime="20210426 00:02:55.269" endtime="20210426 00:02:58.528"></status>
</kw>
<kw name="Select Product from Search Results" library="AmazonWeb">
<kw name="Click Product Link" library="SearchResult">
<kw name="Click Image" library="SeleniumLibrary">
<doc>Clicks an image identified by ``locator``.</doc>
<arguments>
<arg>Sponsored Ad - Logitech M337 Wireless Mouse, Bluetooth, 1000 DPI Laser Grade Optical Sensor, 10-Month Battery Life, PC/Mac...</arg>
</arguments>
<msg timestamp="20210426 00:02:58.530" level="INFO">Clicking image 'Sponsored Ad - Logitech M337 Wireless Mouse, Bluetooth, 1000 DPI Laser Grade Optical Sensor, 10-Month Battery Life, PC/Mac...'.</msg>
<status status="PASS" starttime="20210426 00:02:58.529" endtime="20210426 00:02:58.629"></status>
</kw>
<status status="PASS" starttime="20210426 00:02:58.529" endtime="20210426 00:02:58.629"></status>
</kw>
<kw name="Verify Page Loaded" library="Product">
<kw name="Get Window Handles" library="SeleniumLibrary">
<doc>Returns all child window handles of the selected browser as a list.</doc>
<assign>
<var>@{WindowHandles}</var>
</assign>
<msg timestamp="20210426 00:02:58.632" level="INFO">@{WindowHandles} = [ CDwindow-1620B00D4B109F4468F1B843FA32F349 | CDwindow-594C3ACA1353898DDE2C4416F8012E89 ]</msg>
<status status="PASS" starttime="20210426 00:02:58.629" endtime="20210426 00:02:58.632"></status>
</kw>
<kw name="Sleep" library="BuiltIn">
<doc>Pauses the test executed for the given time.</doc>
<arguments>
<arg>5s</arg>
</arguments>
<msg timestamp="20210426 00:03:03.633" level="INFO">Slept 5 seconds</msg>
<status status="PASS" starttime="20210426 00:02:58.632" endtime="20210426 00:03:03.633"></status>
</kw>
<kw name="Switch Window" library="SeleniumLibrary">
<doc>Switches to browser window matching ``locator``.</doc>
<arguments>
<arg>${WindowHandles}[1]</arg>
</arguments>
<status status="PASS" starttime="20210426 00:03:03.633" endtime="20210426 00:03:03.720"></status>
</kw>
<kw name="Wait Until Page Contains" library="SeleniumLibrary">
<doc>Waits until ``text`` appears on the current page.</doc>
<arguments>
<arg>Back to results</arg>
</arguments>
<status status="PASS" starttime="20210426 00:03:03.720" endtime="20210426 00:03:03.768"></status>
</kw>
<status status="PASS" starttime="20210426 00:02:58.629" endtime="20210426 00:03:03.769"></status>
</kw>
<status status="PASS" starttime="20210426 00:02:58.528" endtime="20210426 00:03:03.769"></status>
</kw>
<kw name="Add Product to Cart" library="AmazonWeb">
<kw name="Add to Cart" library="Product">
<kw name="Click Button" library="SeleniumLibrary">
<doc>Clicks the button identified by ``locator``.</doc>
<arguments>
<arg>css= #add-to-cart-button</arg>
</arguments>
<msg timestamp="20210426 00:03:03.770" level="INFO">Clicking button 'css= #add-to-cart-button'.</msg>
<status status="PASS" starttime="20210426 00:03:03.770" endtime="20210426 00:03:03.915"></status>
</kw>
<status status="PASS" starttime="20210426 00:03:03.769" endtime="20210426 00:03:03.916"></status>
</kw>
<kw name="Verify Product Added" library="CartPage">
<kw name="Wait Until Page Contains" library="SeleniumLibrary">
<doc>Waits until ``text`` appears on the current page.</doc>
<arguments>
<arg>Added to Cart</arg>
</arguments>
<status status="PASS" starttime="20210426 00:03:03.916" endtime="20210426 00:03:05.348"></status>
</kw>
<status status="PASS" starttime="20210426 00:03:03.916" endtime="20210426 00:03:05.348"></status>
</kw>
<status status="PASS" starttime="20210426 00:03:03.769" endtime="20210426 00:03:05.348"></status>
</kw>
<kw name="Begin Checkout" library="AmazonWeb">
<kw name="Proceed to Buy" library="CartPage">
<kw name="Click Link" library="SeleniumLibrary">
<doc>Clicks a link identified by ``locator``.</doc>
<arguments>
<arg>css= #hlb-ptc-btn-native</arg>
</arguments>
<msg timestamp="20210426 00:03:05.349" level="INFO">Clicking link 'css= #hlb-ptc-btn-native'.</msg>
<status status="PASS" starttime="20210426 00:03:05.349" endtime="20210426 00:03:06.244"></status>
</kw>
<status status="PASS" starttime="20210426 00:03:05.349" endtime="20210426 00:03:06.244"></status>
</kw>
<kw name="Verify Page Loaded" library="SignIn">
<kw name="Wait Until Page Contains" library="SeleniumLibrary">
<doc>Waits until ``text`` appears on the current page.</doc>
<arguments>
<arg>Amazon Sign In</arg>
</arguments>
<status status="PASS" starttime="20210426 00:03:06.245" endtime="20210426 00:03:06.255"></status>
</kw>
<kw name="Element Text Should Be" library="SeleniumLibrary">
<doc>Verifies that element ``locator`` contains exact the text ``expected``.</doc>
<arguments>
<arg>css= .a-section .a-spacing-small:nth-child(1)</arg>
<arg>Sign-In</arg>
</arguments>
<msg timestamp="20210426 00:03:06.256" level="INFO">Verifying element 'css= .a-section .a-spacing-small:nth-child(1)' contains exact text 'Sign-In'.</msg>
<status status="PASS" starttime="20210426 00:03:06.255" endtime="20210426 00:03:06.271"></status>
</kw>
<status status="PASS" starttime="20210426 00:03:06.244" endtime="20210426 00:03:06.271"></status>
</kw>
<status status="PASS" starttime="20210426 00:03:05.348" endtime="20210426 00:03:06.272"></status>
</kw>
<kw name="End Web Test" library="Common" type="teardown">
<kw name="Close Browser" library="SeleniumLibrary">
<doc>Closes the current browser.</doc>
<status status="PASS" starttime="20210426 00:03:06.272" endtime="20210426 00:03:06.458"></status>
</kw>
<status status="PASS" starttime="20210426 00:03:06.272" endtime="20210426 00:03:06.458"></status>
</kw>
<doc>This is second demo test</doc>
<tags>
<tag>Sanity</tag>
</tags>
<status status="PASS" starttime="20210426 00:02:52.209" endtime="20210426 00:03:06.458" critical="yes"></status>
</test>
<doc>This is for Demo purpose</doc>
<status status="PASS" starttime="20210426 00:02:52.035" endtime="20210426 00:03:06.459"></status>
</suite>
<statistics>
<total>
<stat pass="1" fail="0">Critical Tests</stat>
<stat pass="1" fail="0">All Tests</stat>
</total>
<tag>
<stat pass="1" fail="0">Sanity</stat>
</tag>
<suite>
<stat pass="1" fail="0" id="s1" name="Amazon">Amazon</stat>
</suite>
</statistics>
<errors>
</errors>
</robot>
