<?xml version="1.0" encoding="UTF-8"?>
<robot generator="Robot 3.2.1 (Python 3.8.5 on darwin)" generated="20210424 23:47:09.307" rpa="false">
<suite id="s1" name="Amazon" source="/Users/manpreetsinghbains/Automation work/robotframework/robotProject/first-script/Tests/Amazon.robot">
<test id="s1-t1" name="User navigate to Amazon site">
<kw name="Open Browser" library="SeleniumLibrary">
<doc>Opens a new browser instance to the optional ``url``.</doc>
<arguments>
<arg>https://www.amazon.com</arg>
<arg>chrome</arg>
</arguments>
<msg timestamp="20210424 23:47:09.478" level="INFO">Opening browser 'chrome' to base url 'https://www.amazon.com'.</msg>
<status status="PASS" starttime="20210424 23:47:09.477" endtime="20210424 23:47:14.934"></status>
</kw>
<kw name="Sleep" library="BuiltIn">
<doc>Pauses the test executed for the given time.</doc>
<arguments>
<arg>3s</arg>
</arguments>
<msg timestamp="20210424 23:47:17.935" level="INFO">Slept 3 seconds</msg>
<status status="PASS" starttime="20210424 23:47:14.934" endtime="20210424 23:47:17.935"></status>
</kw>
<kw name="Close Browser" library="SeleniumLibrary">
<doc>Closes the current browser.</doc>
<status status="PASS" starttime="20210424 23:47:17.935" endtime="20210424 23:47:18.029"></status>
</kw>
<doc>This is first demo test</doc>
<tags>
<tag>Smoke</tag>
</tags>
<status status="PASS" starttime="20210424 23:47:09.477" endtime="20210424 23:47:18.029" critical="yes"></status>
</test>
<test id="s1-t2" name="User should search and select product and directed to sign in">
<kw name="Begin Web Test">
<kw name="Open Browser" library="SeleniumLibrary">
<doc>Opens a new browser instance to the optional ``url``.</doc>
<arguments>
<arg>about:blank</arg>
<arg>chrome</arg>
</arguments>
<msg timestamp="20210424 23:47:18.031" level="INFO">Opening browser 'chrome' to base url 'about:blank'.</msg>
<status status="PASS" starttime="20210424 23:47:18.031" endtime="20210424 23:47:20.527"></status>
</kw>
<status status="PASS" starttime="20210424 23:47:18.031" endtime="20210424 23:47:20.528"></status>
</kw>
<kw name="Search for Products">
<kw name="Go To" library="SeleniumLibrary">
<doc>Navigates the current browser window to the provided ``url``.</doc>
<arguments>
<arg>https://www.amazon.in</arg>
</arguments>
<msg timestamp="20210424 23:47:20.528" level="INFO">Opening url 'https://www.amazon.in'</msg>
<status status="PASS" starttime="20210424 23:47:20.528" endtime="20210424 23:47:22.318"></status>
</kw>
<kw name="Wait Until Page Contains" library="SeleniumLibrary">
<doc>Waits until ``text`` appears on the current page.</doc>
<arguments>
<arg>Online Shopping site in India: Shop Online for Mobiles, Books, Watches, Shoes and More - Amazon.in</arg>
</arguments>
<status status="PASS" starttime="20210424 23:47:22.318" endtime="20210424 23:47:22.366"></status>
</kw>
<kw name="Input Text" library="SeleniumLibrary">
<doc>Types the given ``text`` into the text field identified by ``locator``.</doc>
<arguments>
<arg>css = #twotabsearchtextbox</arg>
<arg>Logitech B170 Wireless Mouse</arg>
</arguments>
<msg timestamp="20210424 23:47:22.366" level="INFO">Typing text 'Logitech B170 Wireless Mouse' into text field 'css = #twotabsearchtextbox'.</msg>
<status status="PASS" starttime="20210424 23:47:22.366" endtime="20210424 23:47:22.585"></status>
</kw>
<kw name="Click Button" library="SeleniumLibrary">
<doc>Clicks the button identified by ``locator``.</doc>
<arguments>
<arg>css = #nav-search-submit-button</arg>
</arguments>
<msg timestamp="20210424 23:47:22.585" level="INFO">Clicking button 'css = #nav-search-submit-button'.</msg>
<status status="PASS" starttime="20210424 23:47:22.585" endtime="20210424 23:47:24.364"></status>
</kw>
<kw name="Wait Until Page Contains" library="SeleniumLibrary">
<doc>Waits until ``text`` appears on the current page.</doc>
<arguments>
<arg>Logitech B170 Wireless Mouse</arg>
</arguments>
<status status="PASS" starttime="20210424 23:47:24.365" endtime="20210424 23:47:24.384"></status>
</kw>
<status status="PASS" starttime="20210424 23:47:20.528" endtime="20210424 23:47:24.384"></status>
</kw>
<kw name="Select Product from Search Results">
<kw name="Click Image" library="SeleniumLibrary">
<doc>Clicks an image identified by ``locator``.</doc>
<arguments>
<arg>Sponsored Ad - Logitech M337 Wireless Mouse, Bluetooth, 1000 DPI Laser Grade Optical Sensor, 10-Month Battery Life, PC/Mac...</arg>
</arguments>
<msg timestamp="20210424 23:47:24.385" level="INFO">Clicking image 'Sponsored Ad - Logitech M337 Wireless Mouse, Bluetooth, 1000 DPI Laser Grade Optical Sensor, 10-Month Battery Life, PC/Mac...'.</msg>
<status status="PASS" starttime="20210424 23:47:24.385" endtime="20210424 23:47:24.497"></status>
</kw>
<kw name="Get Window Handles" library="SeleniumLibrary">
<doc>Returns all child window handles of the selected browser as a list.</doc>
<assign>
<var>@{WindowHandles}</var>
</assign>
<msg timestamp="20210424 23:47:24.500" level="INFO">@{WindowHandles} = [ CDwindow-A1D46D1D958FC3F3CEED3C04483A4169 | CDwindow-BE341590AA9A1ACEE6646DCEDAAAFF3B ]</msg>
<status status="PASS" starttime="20210424 23:47:24.497" endtime="20210424 23:47:24.500"></status>
</kw>
<kw name="Sleep" library="BuiltIn">
<doc>Pauses the test executed for the given time.</doc>
<arguments>
<arg>5s</arg>
</arguments>
<msg timestamp="20210424 23:47:29.501" level="INFO">Slept 5 seconds</msg>
<status status="PASS" starttime="20210424 23:47:24.500" endtime="20210424 23:47:29.501"></status>
</kw>
<kw name="Switch Window" library="SeleniumLibrary">
<doc>Switches to browser window matching ``locator``.</doc>
<arguments>
<arg>${WindowHandles}[1]</arg>
</arguments>
<status status="PASS" starttime="20210424 23:47:29.501" endtime="20210424 23:47:29.573"></status>
</kw>
<status status="PASS" starttime="20210424 23:47:24.384" endtime="20210424 23:47:29.573"></status>
</kw>
<kw name="Add Product to Cart">
<kw name="Wait Until Page Contains" library="SeleniumLibrary">
<doc>Waits until ``text`` appears on the current page.</doc>
<arguments>
<arg>Buy Now</arg>
</arguments>
<status status="PASS" starttime="20210424 23:47:29.574" endtime="20210424 23:47:29.618"></status>
</kw>
<kw name="Click Button" library="SeleniumLibrary">
<doc>Clicks the button identified by ``locator``.</doc>
<arguments>
<arg>css= #buy-now-button</arg>
</arguments>
<msg timestamp="20210424 23:47:29.619" level="INFO">Clicking button 'css= #buy-now-button'.</msg>
<status status="PASS" starttime="20210424 23:47:29.618" endtime="20210424 23:47:30.832"></status>
</kw>
<status status="PASS" starttime="20210424 23:47:29.573" endtime="20210424 23:47:30.832"></status>
</kw>
<kw name="Begin Checkout">
<kw name="Wait Until Page Contains" library="SeleniumLibrary">
<doc>Waits until ``text`` appears on the current page.</doc>
<arguments>
<arg>Amazon Sign In</arg>
</arguments>
<status status="PASS" starttime="20210424 23:47:30.833" endtime="20210424 23:47:30.843"></status>
</kw>
<status status="PASS" starttime="20210424 23:47:30.832" endtime="20210424 23:47:30.843"></status>
</kw>
<kw name="End Web Test">
<kw name="Close Browser" library="SeleniumLibrary">
<doc>Closes the current browser.</doc>
<status status="PASS" starttime="20210424 23:47:30.843" endtime="20210424 23:47:30.987"></status>
</kw>
<status status="PASS" starttime="20210424 23:47:30.843" endtime="20210424 23:47:30.988"></status>
</kw>
<doc>This is second demo test</doc>
<tags>
<tag>Sanity</tag>
</tags>
<status status="PASS" starttime="20210424 23:47:18.030" endtime="20210424 23:47:30.988" critical="yes"></status>
</test>
<doc>This is first test</doc>
<status status="PASS" starttime="20210424 23:47:09.308" endtime="20210424 23:47:30.989"></status>
</suite>
<statistics>
<total>
<stat pass="2" fail="0">Critical Tests</stat>
<stat pass="2" fail="0">All Tests</stat>
</total>
<tag>
<stat pass="1" fail="0">Sanity</stat>
<stat pass="1" fail="0">Smoke</stat>
</tag>
<suite>
<stat pass="2" fail="0" id="s1" name="Amazon">Amazon</stat>
</suite>
</statistics>
<errors>
</errors>
</robot>
